2026-04-13 15:30:16 [error]: Error: File type not allowed: .mp4
    at fileFilter (C:\Users\shubham maurya\Desktop\Practice_Project\iLovePDF\backend\src\middleware\upload.ts:35:8)
    at wrappedFileFilter (C:\Users\shubham maurya\Desktop\Practice_Project\iLovePDF\backend\node_modules\multer\index.js:44:7)
    at Multipart.<anonymous> (C:\Users\shubham maurya\Desktop\Practice_Project\iLovePDF\backend\node_modules\multer\lib\make-middleware.js:109:7)
    at Multipart.emit (node:events:518:28)
    at HeaderParser.cb (C:\Users\shubham maurya\Desktop\Practice_Project\iLovePDF\backend\node_modules\busboy\lib\types\multipart.js:358:14)
    at HeaderParser.push (C:\Users\shubham maurya\Desktop\Practice_Project\iLovePDF\backend\node_modules\busboy\lib\types\multipart.js:162:20)
    at SBMH.ssCb [as _cb] (C:\Users\shubham maurya\Desktop\Practice_Project\iLovePDF\backend\node_modules\busboy\lib\types\multipart.js:394:37)
    at feed (C:\Users\shubham maurya\Desktop\Practice_Project\iLovePDF\backend\node_modules\streamsearch\lib\sbmh.js:248:10)
    at SBMH.push (C:\Users\shubham maurya\Desktop\Practice_Project\iLovePDF\backend\node_modules\streamsearch\lib\sbmh.js:104:16)
    at Multipart._write (C:\Users\shubham maurya\Desktop\Practice_Project\iLovePDF\backend\node_modules\busboy\lib\types\multipart.js:567:19)
    at writeOrBuffer (node:internal/streams/writable:572:12)
    at _write (node:internal/streams/writable:501:10)
    at Multipart.Writable.write (node:internal/streams/writable:510:10)
    at IncomingMessage.ondata (node:internal/streams/readable:1009:22)
    at IncomingMessage.emit (node:events:518:28)
    at IncomingMessage.Readable.read (node:internal/streams/readable:782:10)
2026-04-13 15:36:19 [error]: Error: File type not allowed: .mp4
    at fileFilter (C:\Users\shubham maurya\Desktop\Practice_Project\iLovePDF\backend\src\middleware\upload.ts:35:8)
    at wrappedFileFilter (C:\Users\shubham maurya\Desktop\Practice_Project\iLovePDF\backend\node_modules\multer\index.js:44:7)
    at Multipart.<anonymous> (C:\Users\shubham maurya\Desktop\Practice_Project\iLovePDF\backend\node_modules\multer\lib\make-middleware.js:109:7)
    at Multipart.emit (node:events:518:28)
    at HeaderParser.cb (C:\Users\shubham maurya\Desktop\Practice_Project\iLovePDF\backend\node_modules\busboy\lib\types\multipart.js:358:14)
    at HeaderParser.push (C:\Users\shubham maurya\Desktop\Practice_Project\iLovePDF\backend\node_modules\busboy\lib\types\multipart.js:162:20)
    at SBMH.ssCb [as _cb] (C:\Users\shubham maurya\Desktop\Practice_Project\iLovePDF\backend\node_modules\busboy\lib\types\multipart.js:394:37)
    at feed (C:\Users\shubham maurya\Desktop\Practice_Project\iLovePDF\backend\node_modules\streamsearch\lib\sbmh.js:248:10)
    at SBMH.push (C:\Users\shubham maurya\Desktop\Practice_Project\iLovePDF\backend\node_modules\streamsearch\lib\sbmh.js:104:16)
    at Multipart._write (C:\Users\shubham maurya\Desktop\Practice_Project\iLovePDF\backend\node_modules\busboy\lib\types\multipart.js:567:19)
    at writeOrBuffer (node:internal/streams/writable:572:12)
    at _write (node:internal/streams/writable:501:10)
    at Multipart.Writable.write (node:internal/streams/writable:510:10)
    at IncomingMessage.ondata (node:internal/streams/readable:1009:22)
    at IncomingMessage.emit (node:events:518:28)
    at addChunk (node:internal/streams/readable:561:12)
2026-04-13 15:37:42 [error]: Error: File type not allowed: .mp4
    at fileFilter (C:\Users\shubham maurya\Desktop\Practice_Project\iLovePDF\backend\src\middleware\upload.ts:35:8)
    at wrappedFileFilter (C:\Users\shubham maurya\Desktop\Practice_Project\iLovePDF\backend\node_modules\multer\index.js:44:7)
    at Multipart.<anonymous> (C:\Users\shubham maurya\Desktop\Practice_Project\iLovePDF\backend\node_modules\multer\lib\make-middleware.js:109:7)
    at Multipart.emit (node:events:518:28)
    at HeaderParser.cb (C:\Users\shubham maurya\Desktop\Practice_Project\iLovePDF\backend\node_modules\busboy\lib\types\multipart.js:358:14)
    at HeaderParser.push (C:\Users\shubham maurya\Desktop\Practice_Project\iLovePDF\backend\node_modules\busboy\lib\types\multipart.js:162:20)
    at SBMH.ssCb [as _cb] (C:\Users\shubham maurya\Desktop\Practice_Project\iLovePDF\backend\node_modules\busboy\lib\types\multipart.js:394:37)
    at feed (C:\Users\shubham maurya\Desktop\Practice_Project\iLovePDF\backend\node_modules\streamsearch\lib\sbmh.js:248:10)
    at SBMH.push (C:\Users\shubham maurya\Desktop\Practice_Project\iLovePDF\backend\node_modules\streamsearch\lib\sbmh.js:104:16)
    at Multipart._write (C:\Users\shubham maurya\Desktop\Practice_Project\iLovePDF\backend\node_modules\busboy\lib\types\multipart.js:567:19)
    at writeOrBuffer (node:internal/streams/writable:572:12)
    at _write (node:internal/streams/writable:501:10)
    at Multipart.Writable.write (node:internal/streams/writable:510:10)
    at IncomingMessage.ondata (node:internal/streams/readable:1009:22)
    at IncomingMessage.emit (node:events:518:28)
    at IncomingMessage.Readable.read (node:internal/streams/readable:782:10)
2026-04-13 15:39:40 [error]: Error: File type not allowed: .mp4
    at fileFilter (C:\Users\shubham maurya\Desktop\Practice_Project\iLovePDF\backend\src\middleware\upload.ts:35:8)
    at wrappedFileFilter (C:\Users\shubham maurya\Desktop\Practice_Project\iLovePDF\backend\node_modules\multer\index.js:44:7)
    at Multipart.<anonymous> (C:\Users\shubham maurya\Desktop\Practice_Project\iLovePDF\backend\node_modules\multer\lib\make-middleware.js:109:7)
    at Multipart.emit (node:events:518:28)
    at HeaderParser.cb (C:\Users\shubham maurya\Desktop\Practice_Project\iLovePDF\backend\node_modules\busboy\lib\types\multipart.js:358:14)
    at HeaderParser.push (C:\Users\shubham maurya\Desktop\Practice_Project\iLovePDF\backend\node_modules\busboy\lib\types\multipart.js:162:20)
    at SBMH.ssCb [as _cb] (C:\Users\shubham maurya\Desktop\Practice_Project\iLovePDF\backend\node_modules\busboy\lib\types\multipart.js:394:37)
    at feed (C:\Users\shubham maurya\Desktop\Practice_Project\iLovePDF\backend\node_modules\streamsearch\lib\sbmh.js:248:10)
    at SBMH.push (C:\Users\shubham maurya\Desktop\Practice_Project\iLovePDF\backend\node_modules\streamsearch\lib\sbmh.js:104:16)
    at Multipart._write (C:\Users\shubham maurya\Desktop\Practice_Project\iLovePDF\backend\node_modules\busboy\lib\types\multipart.js:567:19)
    at writeOrBuffer (node:internal/streams/writable:572:12)
    at _write (node:internal/streams/writable:501:10)
    at Multipart.Writable.write (node:internal/streams/writable:510:10)
    at IncomingMessage.ondata (node:internal/streams/readable:1009:22)
    at IncomingMessage.emit (node:events:518:28)
    at addChunk (node:internal/streams/readable:561:12)
